<?xml version="1.0" encoding="UTF-8"?>
<!-- Generated by org.testng.reporters.JUnitReportReporter -->
<testsuite hostname="SVBS5T663" failures="0" tests="1" name="core.testScripts.TC01" time="1.389" errors="0" timestamp="2022-06-04T18:41:13 CST" skipped="0">
  <testcase classname="core.testScripts.TC01" name="openURL" time="1.389"/>
  <system-out/>
</testsuite> <!-- core.testScripts.TC01 -->
