<?xml version="1.0" encoding="UTF-8"?>
<!-- Generated by org.testng.reporters.JUnitReportReporter -->
<testsuite hostname="SVBS5T663" failures="0" tests="3" name="core.testScripts.TC02" time="2.513" errors="0" timestamp="2022-06-04T18:54:50 CST" skipped="0">
  <testcase classname="core.testScripts.TC02" name="visitGoogle01" time="1.004"/>
  <system-out/>
  <testcase classname="core.testScripts.TC02" name="visitFacebook" time="1.095"/>
  <system-out/>
  <testcase classname="core.testScripts.TC02" name="visitGoogle02" time="0.414"/>
  <system-out/>
</testsuite> <!-- core.testScripts.TC02 -->
